<?xml version="1.0" encoding="UTF-8"?>
<testsuite name="Cucumber" time="13.581" tests="2" skipped="0" failures="0" errors="0">
<testcase classname="feature to test google search functionality" name="Validate google search is working" time="13.324">
<system-out><![CDATA[
Given browser is open.......................................................passed
And user is on google search page...........................................passed
When user enters a texts in search box......................................passed
And hits enter..............................................................passed
Then user is navigated to search results....................................passed
]]></system-out>
</testcase>
<testcase classname="feature to test login functionality" name="check login is successful with valid credentials" time="0.012">
<system-out><![CDATA[
Given user is on login page.................................................passed
When user enters username and password......................................passed
And clicks on login button..................................................passed
Then user is navigated to the home page.....................................passed
]]></system-out>
</testcase>
</testsuite>
